#
# A fatal error has been detected by the Java Runtime Environment:
#
#  SIGSEGV (0xb) at pc=0x00007f4599cd7393, pid=6561, tid=6577
#
# JRE version: Java(TM) SE Runtime Environment (16.0.1+9) (build 16.0.1+9-24)
# Java VM: Java HotSpot(TM) 64-Bit Server VM (16.0.1+9-24, mixed mode, sharing, tiered, compressed oops, compressed class ptrs, g1 gc, linux-amd64)
# Problematic frame:
# C  [libjimage.so+0x4393]  ImageStrings::find(Endian*, char const*, int*, unsigned int)+0x63
#
# Core dump will be written. Default location: Core dumps may be processed with "/usr/lib/systemd/systemd-coredump %P %u %g %s %t %c %h" (or dumping to /home/joel/Programacion/Java_ItAcademy/ItAcademyEjercicios/Mod7Vehicles/VehiclesProject/core.6561)
#
# If you would like to submit a bug report, please visit:
#   https://bugreport.java.com/bugreport/crash.jsp
#

---------------  S U M M A R Y ------------

Command Line: -XX:+ShowCodeDetailsInExceptionMessages -agentlib:jdwp=transport=dt_socket,suspend=y,address=localhost:35821 -javaagent:/opt/eclipse/configuration/org.eclipse.osgi/217/0/.cp/lib/javaagent-shaded.jar -Dfile.encoding=UTF-8 com.vehicles.view.Main

Host: Intel(R) Core(TM) i5-6400 CPU @ 2.70GHz, 4 cores, 3G, Fedora release 34 (Thirty Four)
Time: Mon Aug  2 10:00:57 2021 CEST elapsed time: 4065.673870 seconds (0d 1h 7m 45s)

---------------  T H R E A D  ---------------

Current thread (0x00007f45940d3140):  JavaThread "Signal Dispatcher" daemon [_thread_in_vm, id=6577, stack(0x00007f4578aff000,0x00007f4578c00000)]

Stack: [0x00007f4578aff000,0x00007f4578c00000],  sp=0x00007f4578bfd150,  free space=1016k
Native frames: (J=compiled Java code, A=aot compiled Java code, j=interpreted, Vv=VM code, C=native code)
C  [libjimage.so+0x4393]  ImageStrings::find(Endian*, char const*, int*, unsigned int)+0x63
C  [libjimage.so+0x50de]  ImageFileReader::find_location_index(char const*, unsigned long long*) const+0x3e
C  [libjimage.so+0x55bc]  JIMAGE_FindResource+0xfc
V  [libjvm.so+0x55f051]  ClassPathImageEntry::open_stream_for_loader(char const*, ClassLoaderData*, Thread*)+0x51
V  [libjvm.so+0x5635be]  ClassLoader::load_class(Symbol*, bool, Thread*)+0x13e
V  [libjvm.so+0xd3320f]  SystemDictionary::load_instance_class(Symbol*, Handle, Thread*)+0x34f
V  [libjvm.so+0xd31f92]  SystemDictionary::resolve_instance_class_or_null(Symbol*, Handle, Handle, Thread*)+0xa62
V  [libjvm.so+0xd3419e]  SystemDictionary::resolve_or_fail(Symbol*, Handle, Handle, bool, Thread*)+0x5e
V  [libjvm.so+0x5cdb48]  ConstantPool::klass_at_impl(constantPoolHandle const&, int, bool, Thread*)+0xe8
V  [libjvm.so+0x7edf32]  InterpreterRuntime::_new(JavaThread*, ConstantPool*, int)+0x72
j  jdk.internal.misc.Signal.dispatch(I)V+25 java.base@16.0.1
v  ~StubRoutines::call_stub
V  [libjvm.so+0x7f5285]  JavaCalls::call_helper(JavaValue*, methodHandle const&, JavaCallArguments*, Thread*)+0x2d5
V  [libjvm.so+0x7f56bc]  JavaCalls::call_static(JavaValue*, Klass*, Symbol*, Symbol*, JavaCallArguments*, Thread*)+0x10c
V  [libjvm.so+0xbca4db]  signal_thread_entry(JavaThread*, Thread*)+0x29b
V  [libjvm.so+0xd7c9db]  JavaThread::thread_main_inner()+0x11b
V  [libjvm.so+0xd816cd]  Thread::call_run()+0xfd
V  [libjvm.so+0xbd86d7]  thread_native_entry(Thread*)+0xe7

Java frames: (J=compiled Java code, j=interpreted, Vv=VM code)
j  jdk.internal.misc.Signal.dispatch(I)V+25 java.base@16.0.1
v  ~StubRoutines::call_stub

siginfo: si_signo: 11 (SIGSEGV), si_code: 1 (SEGV_MAPERR), si_addr: 0x00007f458c7e5928

Register to memory mapping:

RAX=0x00007f4599cefb10: <offset 0x000000000001cb10> in /usr/java/jdk-16.0.1/lib/libjimage.so at 0x00007f4599cd3000
RBX=0x00007f4578bfd201 is pointing into the stack for thread: 0x00007f45940d3140
RCX=0x00007f4578bfd223 is pointing into the stack for thread: 0x00007f45940d3140
RDX=0x0000000000002243 is an unknown value
RSP=0x00007f4578bfd150 is pointing into the stack for thread: 0x00007f45940d3140
RBP=0x00007f4578bfd170 is pointing into the stack for thread: 0x00007f45940d3140
RSI=0x00007f458c7dd01c is an unknown value
RDI=0x00007f4599cf1010: <offset 0x000000000001e010> in /usr/java/jdk-16.0.1/lib/libjimage.so at 0x00007f4599cd3000
R8 =0x00007f4578bfe298 is pointing into the stack for thread: 0x00007f45940d3140
R9 =0x00007f45940d4500 points into unknown readable memory: 0x0000000000000003 | 03 00 00 00 00 00 00 00
R10=0x0000000000000031 is an unknown value
R11=0x0 is NULL
R12=0x000000000000703c is an unknown value
R13=0x00007f4578bfd200 is pointing into the stack for thread: 0x00007f45940d3140
R14=0x0 is NULL
R15=0x00007f4578bfd200 is pointing into the stack for thread: 0x00007f45940d3140


Registers:
RAX=0x00007f4599cefb10, RBX=0x00007f4578bfd201, RCX=0x00007f4578bfd223, RDX=0x0000000000002243
RSP=0x00007f4578bfd150, RBP=0x00007f4578bfd170, RSI=0x00007f458c7dd01c, RDI=0x00007f4599cf1010
R8 =0x00007f4578bfe298, R9 =0x00007f45940d4500, R10=0x0000000000000031, R11=0x0000000000000000
R12=0x000000000000703c, R13=0x00007f4578bfd200, R14=0x0000000000000000, R15=0x00007f4578bfd200
RIP=0x00007f4599cd7393, EFLAGS=0x0000000000010246, CSGSFS=0x002b000000000033, ERR=0x0000000000000004
  TRAPNO=0x000000000000000e

Top of Stack: (sp=0x00007f4578bfd150)
0x00007f4578bfd150:   0000000000000000 00007f4578bfe298
0x00007f4578bfd160:   00007f4594002ce0 00007f4578bfd200
0x00007f4578bfd170:   00007f4578bfd1e0 00007f4599cd80de
0x00007f4578bfd180:   0000000000000000 0000000000000000 

Instructions: (pc=0x00007f4599cd7393)
0x00007f4599cd7293:   4c 89 5d 98 e8 b4 ee ff ff 4c 8b 5d 98 4d 01 df
0x00007f4599cd72a3:   4d 85 f6 74 08 4c 89 f7 e8 b0 17 00 00 44 03 65
0x00007f4599cd72b3:   90 e9 3f fe ff ff 0f 1f 80 00 00 00 00 41 8b 10
0x00007f4599cd72c3:   41 89 55 00 41 8b 54 00 fc 41 89 54 05 fc e9 7a
0x00007f4599cd72d3:   fc ff ff 66 2e 0f 1f 84 00 00 00 00 00 ba 0a 00
0x00007f4599cd72e3:   00 00 e9 f0 fc ff ff 41 0f b7 54 00 fe 66 41 89
0x00007f4599cd72f3:   54 05 fe e9 55 fc ff ff 0f 1f 44 00 00 0f b6 07